....................................................................................................[Parallel(n_jobs=1)]: Done   1 jobs       | elapsed:   28.2s
........................................................................................................................................................................................................[Parallel(n_jobs=1)]: Done   3 out of   3 | elapsed:  1.4min finished
....................................................................................................LassoCV: fold  0 out of  3.................................................................................................... 
LassoCV: fold  1 out of  3.................................................................................................... 
LassoCV: fold  2 out of  3.................................................................................................... 
....................................................................................................LassoCV: fold  0 out of  3.................................................................................................... 
LassoCV: fold  1 out of  3.................................................................................................... 
LassoCV: fold  2 out of  3.................................................................................................... 
....................................................................................................LassoCV: fold  0 out of  3.................................................................................................... 
LassoCV: fold  1 out of  3.................................................................................................... 
LassoCV: fold  2 out of  3.................................................................................................... 
....................................................................................................LassoCV: fold  0 out of  3.................................................................................................... 
LassoCV: fold  1 out of  3.................................................................................................... 
LassoCV: fold  2 out of  3.................................................................................................... 
....................................................................................................LassoCV: fold  0 out of  3.................................................................................................... 
LassoCV: fold  1 out of  3.................................................................................................... 
LassoCV: fold  2 out of  3.................................................................................................... 
....................................................................................................LassoCV: fold  0 out of  3.................................................................................................... 
LassoCV: fold  1 out of  3.................................................................................................... 
LassoCV: fold  2 out of  3.................................................................................................... 
....................................................................................................LassoCV: fold  0 out of  3.................................................................................................... 
LassoCV: fold  1 out of  3.................................................................................................... 
LassoCV: fold  2 out of  3.................................................................................................... 
....................................................................................................[Parallel(n_jobs=1)]: Done   1 jobs       | elapsed:   31.4s
........................................................................................................................................................................................................[Parallel(n_jobs=1)]: Done   3 out of   3 | elapsed:  1.5min finished
/usr/lib/python2.7/dist-packages/sklearn/linear_model/coordinate_descent.py:418: UserWarning: Objective did not converge. You might want to increase the number of iterations
  ' to increase the number of iterations')
